<?xml version="1.0" encoding="utf-8"?><testsuites name="pytest tests"><testsuite name="pytest" errors="0" failures="0" skipped="0" tests="18" time="3.274" timestamp="2026-04-26T10:31:22.893198+00:00" hostname="agent-env-ff8ffef8-3c7c-4036-81e4-3413e74fda54"><testcase classname="backend.tests.backend_test" name="test_health" time="0.156" /><testcase classname="backend.tests.backend_test.TestAuth" name="test_register" time="0.155" /><testcase classname="backend.tests.backend_test.TestAuth" name="test_login_seeded" time="0.118" /><testcase classname="backend.tests.backend_test.TestAuth" name="test_login_invalid" time="0.152" /><testcase classname="backend.tests.backend_test.TestAuth" name="test_me" time="0.190" /><testcase classname="backend.tests.backend_test.TestAuth" name="test_me_unauthorized" time="0.103" /><testcase classname="backend.tests.backend_test.TestAuth" name="test_forgot_password_idempotent" time="0.116" /><testcase classname="backend.tests.backend_test.TestAuth" name="test_reset_password_invalid_token" time="0.056" /><testcase classname="backend.tests.backend_test.TestAuth" name="test_verify_email_via_db_token" time="0.460" /><testcase classname="backend.tests.backend_test.TestAuth" name="test_verify_email_invalid_token" time="0.042" /><testcase classname="backend.tests.backend_test.TestSubscriptions" name="test_meta" time="0.044" /><testcase classname="backend.tests.backend_test.TestSubscriptions" name="test_create_list_update_delete" time="0.412" /><testcase classname="backend.tests.backend_test.TestSubscriptions" name="test_create_validation" time="0.251" /><testcase classname="backend.tests.backend_test.TestDashboard" name="test_stats_shape" time="0.148" /><testcase classname="backend.tests.backend_test.TestNotifications" name="test_list_and_read_all" time="0.222" /><testcase classname="backend.tests.backend_test.TestProfile" name="test_update_profile_and_password" time="0.229" /><testcase classname="backend.tests.backend_test.TestEmail" name="test_email_test_endpoint_reachable" time="0.153" /><testcase classname="backend.tests.backend_test.TestEmail" name="test_email_test_unauthorized" time="0.169" /></testsuite></testsuites>